kWqsTi8T+HaVL2O8WZygs1zid3v32eYcazq096dnGFDBg1Xl7aBhiHlvdtqxSkJ+sdrZnGx7sK7T7ipJ5VS3BzzkO+s0uxlaqGqT3FNbeGMrQ1YJZ7Qc
K4HWcmJly59NyEc+nuImcgTwdFqI439ROyx+D/BNvj01CshMVxR4SPLk0JSTkGSG1zzhemL6JezRF+0JAy1TLMSvjMY2XNI6ERlMADXd2ig6z3CNt5k29/2K9YQ1ERJaf/GNnMBT4V3h4O3wDT/i8ozqnpZFKg2EoPv8toeeXiG59IsvqDTPE7h7FeIcOoe0Lzsky59zgpGrtNA=
L3RgptZ1mMtIrog1eaCuBCPsKZAV6sFUv4EoKqyNtQ5sU0rY04WOAWpj7ZVlIOk4gc8eAmkKeo6ZusGMZHu4vssOAjndlO9X1ERDW7w7kaoQCjsMCxuAU0NjThlvtBQ=
l3WE2wuBjjh0KR06MxCioWLNw/tPWLqwwF92CWuKiv1VyjIoMoTxGFyNhJJo/WO99dc4sYqNDuQhi7p8TUeR27/23rJVkIVrLo8NW6AFYbQa
vt0z+hxIDTi7QBb5v+B2Et/4242Yog+Y1FQMv6lj2N23iAxpRuYQl1yK1XcIqlWfy9wAm276Kgzj1eHQH5cncLQJ
QZY1SCAVHZYTE//qkbJT6L7MQ5st9MxCO3K1mNx5FwqEZK/weJZRQGlwUENmJVA2Ay+f56lNOZLiDDy0PY8ptZ8JPJB/ztW11zJectkHxhdCcblcou7fUalaJ8sIHuVVMDvaZEgJWGqfMJYUKYKovuz87j/9/+QflMdWR2RFzMmGJyT8+K2CuJ+wjjvmYOVDOoEOLn43omduM8dhPtce8zx7/q2GbZSv1u9pm8aT3amcWxlWhm/PRIW43rWtUXYYmOlKCeMRDccr6nVC7O34M6JJnaymmgnNtwTISiUaibQFxEMGZhBzozqU/BamY4Ok7QKwVHXDFQaU4U810lJ2lpVIu+Sfu7TluaGGx8cWC5LNUONHeX+T2z11yAnFVJfHnGRbK1O6OZoI6nOcs1uYI4vD9skHtHw=
lEt+EeWY98LGfZJqmDPKX2wxpXZVcmdCDzurkSY37yBt3Vedpu9kHDZRfgIcfymdXFAsNQieq6caZ5C+Txe3Ab2A0KYuH74gHqh/jPYfNB5fM2WRLRDiDU6yq8LOtn2/lmDXs7dD6ve5xYDk1Peyjjp97B+AJ2Eyv6nF3zMnkTNt6etlS92S572/soS0jz3heNBxKZ3nUJFXj11F55aXSR9bMf83J+N5HUkFbUvIfaFrSDsv55DICe9C3g4MbyM6uRP6O0XzpzxB8I3wrrSEqzWNwfGVtJKJuuS3XBDZfBISjLYGyFoIWSBuycHwHTCBW9Z2nv75ijoD2Fxflb5jBfrTNPakwgoAKwlvIiUHQUCOviBezIq5Fp8+YZYhGX8yHFKF36gC5SxKZLAzzlL6VCONMbj//9cItHE=
908PAJUUtjU0Wbj3mIwABEMHb9rN4JX0lcV3oj+xJEuL1sQJlqnLb5E9KqplTJ6X3xBVwy79Zz10UBpFTDAo2mSTlPw6gI1bzhBFPqmpGGCxb2Vn9xIjrmUGiS1Tovq6lSfKH2ZB/eQebmPpbWoDwwQ+KR2Uq178lEmEcpsgclzl4iQ2CIwqRwH/GGdQt7LP6CUAgWI3IOQk7V4gGyAqcypA6UsescqWwrce3yoD42ky91I7mOt6NdqtyLfS/w1TinNRIfirXa76b7O8wUi6PSGxOtD8+U4Rv9FRX6960YqgzfQ7hnnZFBoatXVzNOxCKTpF/KFUx566UK+7PoQYXmoDDywJcnQsicPpflCRq71eMrrecVi//EP7aH09MSKPCzYHmulgJ//F/y9jeUXsAcl02w849N+zD3plggz6F1T/uxSr7zOyMXu0AA==
sJjzfFVp07xzg5g+vniaxyNpwaf8fflwp2SUB3ofQCHvUc7liIj2eUgy8lcgrScXnVdBLJefAXJzC6AtheaG20y/R0yeS/gYMHKJRNmQkQezygBYczm455IgNvo/FVepRTk2Kg+IumM/pAf4WUntqY2u1NCTwty3UxJkntXGA91HdxIBLOQ7mouWCiTdAxu5cQaurq++frLrDo7V/a2AabusLwwQ7phdrIkuI2/a+nceikvFyAfuGij4IyMmMqMbC2H82BWfljZOqLssSyYeKMeEO2R81PjF4WE155VJLQ7tB3mQJYB/CnpkK3Qr9dnzirUw/pl2EVE15cyvejI5R7FzHsKokXljUnQmzuhS+AGgtrnJ0FWg+ZvuZlaecTpiA4Ds1/V2cz06q6S+hMp62KtRnyoFz9G4zoYwFiwCCc6f5tEewVFvClyqFReIChV0yrzAO+4aaizjtSFwn3dnULQp
wjvnH2PB+Xlu0PvgUKqYD6zfRwjWeZBz+oNEEej9ncQE3WXcnpdB31YuBn2xLJTItFt9i3jHf5jFjC+HOIUcWKWXVE8XFCmhRNVPAdEViS0u8SdgFwjLCLjax5FzEkIzmLggVa+L5TZDflahTixxD2wTYs5FXJZ1smGyJ0wx1rCtnMGaaWO8Rn+twFzH5ddqlyivsfK+GTGyJhAiscvslhYzvVDL9E0bxsGbM7byay5HRVCilmSkqdL2seLxdliorAv2cwfDqejFWD7Uh6Q04b5LRFUpnqg6e0pG5AdIYwjMWGBpgc3tK6UlNQLtC2H8FUynphrIs/ibmYE/Snlokql6CX1VyRRjyl6hyzH/hq4YXaFPMlg+wtg+oM1geuGlYNk4VftCvpquHSJuA4z0u8W6q5FaBzwyNKYiFGudx0Y1w8mUrqro2pxukUIfaklycZ23JjyGDRu4Zk24CnCYV16W8oCDGfm8rxt/XLQl
bXBxUUU03acOUYoIGCvul3BQOuW/VWTSaIx89LlUBP+Gei9gmUfnu1/iQ3VjeCy3vH1NXEVZkeJxjW5w4U87vWqQxnge3tqX8LJMlOeBqXqQU8krwXGHzMQZG/3Ah0WnrXlP4NoPOBDTjXcsZWDsS38UFk9cCci9fO9JhhDBibism/L1jQIOq83uZz5DDqAqEh5cVcsmRGZpmvxtrcX5P2OYqbTBAuF1pyNQAHpovS/vBmsHtblnqRKS3PYfW4uSakXi+B+zcg6+ucWb7Tuu9Y970ijrlWwkxO7t8I6aolcnzaEgu8LM6VpbulG+j59tlN9l6d8VM2JvFRl/MitSOjamW2W5Szgd/sKSHmX7tlHAmFcEbrM6Kl84w9w1qsBwVQ9MTPpaMNOVSEuaRlgzQ1MKYnnp2cTi4NqTkM1IudsSSc+5QEsRJl1+awgVC/+/lZfLLe7lk+RBy1r8LQd12p+2fjL10KVrDs+t2wBFQbQ6
Z4HtddsAoOIUdzfze8i83ZAnVndW43+fYmhmUrrMWyCS/R/6k3pFUlrSoZzJwlJmeDlDDaFF7kxfkAu1+Hq/8BR8fGcJGwj1t6DcEeY+YL+c4mWvaJKF/Uo0UKOOoprko/0RiL9vd1i0IQ==
3vb4sJH9mEdQZ1bL8g3QiTfV4vL36NM2V8nVOpp5U2epHx8aHX/Ntemwg0BOVRSlRuRRb28l1JRBTSVcOzqu3ahyWBdPYmB6teI6BHXTVswx70Ca6x7iwnlI0cvaN2GLfG1VtC4=
YxP/igRC1vakIJGHyZT1HPaEJ1eNrSoBhh6IHc/VDwesVF1eWt65kPkuSkoYFZvhkQm2gJ9cU/lIlmdcdNDki7mXkHk3LESdVtL4E/xOvUPY3t0xivgI775OQsjD0Qlkj2NvVLQt
NUw3VH63IEOXqKJMBJ0SeDHe5PvT78cgcdnVP5ldSWWkHx8aHX/Ntemwg0BOVRSlRuRRb28l1JRBTSVcOzqu3ahyWBdPYmB6teI6BHXTVswx70Ca6x7iwnlI0cvaN2GLfG1VtC4=
V1a62tbsOiwJh4DY1SrAQxd+YCxRRiViWuLBrAkSMvb4qeNdYbXOPF9gK8W4qh9glOycN0kr6MW3kDwhpm6ALxxyxX8o4qUNSkRwU07yOnQjbXFYf18XaLQR
er4FoaoE/3L3TtAQG6znswNa5PIeq3ADdE8tZlrmybgZBhoS2M3LiTHhBvgfpOOR6H63BDQINKPZv2BBNxS0tTb6KMu8Fm2reLZtyQqAuAceJhIQA4lZTG9LH2y0FQ==
Z0GAJF0gdc+5jHfKaio73XM1mRjFp93noeDaZE02kZyGhEg/f/eJC6qevwaHPwDEy7LEWmB9AfUsh/dWcHt+oPQd7CSZlQCcge9qYpxpNtwuZjObTVJ3QRNqtBc=
JhxxyuuuW1L+i0G8nvBAdDHe5PvT78cgcdnVP5ldSWW/Hx8aHX/Ntemwg0BOVRSlRuRRb28l1JRBTSVcOzqu3ahyWBdPYmB6teI6BHXTVswx70Ca6x7iwnlI0cvaN2GLfG1VtC4=
hPECUHpc0e24hkDSpKWGriqQgr5PBvfyhwt4H2+KivtkhGg5PImwchiHk4Jk0C21+J48s6qBGOQhi7p8TUeT2r/23rJVkIVrLo8NW6AFYbQa
ID1PxnC2bs345+5Nc9ZMEw+ewy7QctQXm2e4PG6j4S089FFSWkiV6tFhsyP8Ln2jWH4dUosYQEo+LQIow/HJxA+DL3S0DQ==
5P6tE7Fl1S37GmwRuowInU09y4BfsXEuGi5DFjGezuFAVXmBjHjJ3trEDXVuyTHPnMIlD+gyxR5LVJgGDgFaxKMd0eg/jzd4tAE=
